This file contains any messages produced by compilers while
running configure, to aid debugging if configure makes a mistake.

It was created by sprng configure 5, which was
generated by GNU Autoconf 2.69.  Invocation command line was

  $ ./configure 

## --------- ##
## Platform. ##
## --------- ##

hostname = DESKTOP-F7MC8FH
uname -m = x86_64
uname -r = 5.15.167.4-microsoft-standard-WSL2
uname -s = Linux
uname -v = #1 SMP Tue Nov 5 00:21:55 UTC 2024

/usr/bin/uname -p = x86_64
/bin/uname -X     = unknown

/bin/arch              = x86_64
/usr/bin/arch -k       = unknown
/usr/convex/getsysinfo = unknown
/usr/bin/hostinfo      = unknown
/bin/machine           = unknown
/usr/bin/oslevel       = unknown
/bin/universe          = unknown

PATH: /usr/local/sbin
PATH: /usr/local/bin
PATH: /usr/sbin
PATH: /usr/bin
PATH: /sbin
PATH: /bin
PATH: /usr/games
PATH: /usr/local/games
PATH: /usr/lib/wsl/lib
PATH: /mnt/c/windows/system32
PATH: /mnt/c/windows
PATH: /mnt/c/windows/System32/Wbem
PATH: /mnt/c/windows/System32/WindowsPowerShell/v1.0/
PATH: /mnt/c/windows/System32/OpenSSH/
PATH: /mnt/c/Program Files (x86)/NVIDIA Corporation/PhysX/Common
PATH: /mnt/c/Program Files/NVIDIA Corporation/NVIDIA NvDLISR
PATH: /mnt/c/Program Files (x86)/NetSarang/Xshell 7/
PATH: /mnt/c/Program Files (x86)/NetSarang/Xftp 7/
PATH: /mnt/c/Program Files/dotnet/
PATH: /mnt/c/WINDOWS/system32
PATH: /mnt/c/WINDOWS
PATH: /mnt/c/WINDOWS/System32/Wbem
PATH: /mnt/c/WINDOWS/System32/WindowsPowerShell/v1.0/
PATH: /mnt/c/WINDOWS/System32/OpenSSH/
PATH: /mnt/c/Program Files (x86)/ePapyrus/SDPlugin/addins
PATH: /mnt/c/Program Files/MATLAB/R2024a/bin
PATH: /mnt/c/Program Files/MATLAB/R2021b/bin
PATH: /mnt/c/Program Files/PuTTY/
PATH: /mnt/c/Program Files/Wolfram Research/WolframScript/
PATH: /mnt/c/Program Files/Git/cmd
PATH: /mnt/c/MinGW/bin
PATH: /mnt/c/Users/dmsck/anaconda3
PATH: /mnt/c/Users/dmsck/anaconda3/Library/mingw-w64/bin
PATH: /mnt/c/Users/dmsck/anaconda3/Library/usr/bin
PATH: /mnt/c/Users/dmsck/anaconda3/Library/bin
PATH: /mnt/c/Users/dmsck/anaconda3/Scripts
PATH: /mnt/c/Users/dmsck/AppData/Local/Microsoft/WindowsApps
PATH: /mnt/c/texlive/2021/bin/win32
PATH: /mnt/c/Users/dmsck/.dotnet/tools
PATH: /mnt/c/Program Files/PsychoPy
PATH: /mnt/c/Program Files/PsychoPy/DLLs
PATH: /snap/bin


## ----------- ##
## Core tests. ##
## ----------- ##

configure:2678: checking build system type
configure:2692: result: x86_64-pc-linux-gnu
configure:2712: checking host system type
configure:2725: result: x86_64-pc-linux-gnu
configure:2745: checking target system type
configure:2758: result: x86_64-pc-linux-gnu
configure:2804: checking for a BSD-compatible install
configure:2872: result: /usr/bin/install -c
configure:2883: checking whether build environment is sane
configure:2938: result: yes
configure:3089: checking for a thread-safe mkdir -p
configure:3128: result: /usr/bin/mkdir -p
configure:3135: checking for gawk
configure:3151: found /usr/bin/gawk
configure:3162: result: gawk
configure:3173: checking whether make sets $(MAKE)
configure:3195: result: yes
configure:3224: checking whether make supports nested variables
configure:3241: result: yes
configure:3433: checking for style of include used by make
configure:3461: result: GNU
configure:3487: checking whether to compile using MPI
configure:3494: result: no
configure:3661: checking for g++
configure:3677: found /usr/bin/g++
configure:3688: result: g++
configure:3715: checking for C++ compiler version
configure:3724: g++ --version >&5
g++ (Ubuntu 13.2.0-23ubuntu4) 13.2.0
Copyright (C) 2023 Free Software Foundation, Inc.
This is free software; see the source for copying conditions.  There is NO
warranty; not even for MERCHANTABILITY or FITNESS FOR A PARTICULAR PURPOSE.

configure:3735: $? = 0
configure:3724: g++ -v >&5
Using built-in specs.
COLLECT_GCC=g++
COLLECT_LTO_WRAPPER=/usr/libexec/gcc/x86_64-linux-gnu/13/lto-wrapper
OFFLOAD_TARGET_NAMES=nvptx-none:amdgcn-amdhsa
OFFLOAD_TARGET_DEFAULT=1
Target: x86_64-linux-gnu
Configured with: ../src/configure -v --with-pkgversion='Ubuntu 13.2.0-23ubuntu4' --with-bugurl=file:///usr/share/doc/gcc-13/README.Bugs --enable-languages=c,ada,c++,go,d,fortran,objc,obj-c++,m2 --prefix=/usr --with-gcc-major-version-only --program-suffix=-13 --program-prefix=x86_64-linux-gnu- --enable-shared --enable-linker-build-id --libexecdir=/usr/libexec --without-included-gettext --enable-threads=posix --libdir=/usr/lib --enable-nls --enable-clocale=gnu --enable-libstdcxx-debug --enable-libstdcxx-time=yes --with-default-libstdcxx-abi=new --enable-libstdcxx-backtrace --enable-gnu-unique-object --disable-vtable-verify --enable-plugin --enable-default-pie --with-system-zlib --enable-libphobos-checking=release --with-target-system-zlib=auto --enable-objc-gc=auto --enable-multiarch --disable-werror --enable-cet --with-arch-32=i686 --with-abi=m64 --with-multilib-list=m32,m64,mx32 --enable-multilib --with-tune=generic --enable-offload-targets=nvptx-none=/build/gcc-13-uJ7kn6/gcc-13-13.2.0/debian/tmp-nvptx/usr,amdgcn-amdhsa=/build/gcc-13-uJ7kn6/gcc-13-13.2.0/debian/tmp-gcn/usr --enable-offload-defaulted --without-cuda-driver --enable-checking=release --build=x86_64-linux-gnu --host=x86_64-linux-gnu --target=x86_64-linux-gnu
Thread model: posix
Supported LTO compression algorithms: zlib zstd
gcc version 13.2.0 (Ubuntu 13.2.0-23ubuntu4) 
... rest of stderr output deleted ...
configure:3735: $? = 0
configure:3724: g++ -V >&5
g++: error: unrecognized command-line option '-V'
g++: fatal error: no input files
compilation terminated.
configure:3735: $? = 1
configure:3724: g++ -qversion >&5
g++: error: unrecognized command-line option '-qversion'; did you mean '--version'?
g++: fatal error: no input files
compilation terminated.
configure:3735: $? = 1
configure:3755: checking whether the C++ compiler works
configure:3777: g++    conftest.cpp  >&5
configure:3781: $? = 0
configure:3829: result: yes
configure:3832: checking for C++ compiler default output file name
configure:3834: result: a.out
configure:3840: checking for suffix of executables
configure:3847: g++ -o conftest    conftest.cpp  >&5
configure:3851: $? = 0
configure:3873: result: 
configure:3895: checking whether we are cross compiling
configure:3903: g++ -o conftest    conftest.cpp  >&5
configure:3907: $? = 0
configure:3914: ./conftest
configure:3918: $? = 0
configure:3933: result: no
configure:3938: checking for suffix of object files
configure:3960: g++ -c   conftest.cpp >&5
configure:3964: $? = 0
configure:3985: result: o
configure:3989: checking whether we are using the GNU C++ compiler
configure:4008: g++ -c   conftest.cpp >&5
configure:4008: $? = 0
configure:4017: result: yes
configure:4026: checking whether g++ accepts -g
configure:4046: g++ -c -g  conftest.cpp >&5
configure:4046: $? = 0
configure:4087: result: yes
configure:4112: checking dependency style of g++
configure:4223: result: gcc3
configure:4355: WARNING: Not using MPI.
configure:4412: checking for gcc
configure:4428: found /usr/bin/gcc
configure:4439: result: gcc
configure:4668: checking for C compiler version
configure:4677: gcc --version >&5
gcc (Ubuntu 13.2.0-23ubuntu4) 13.2.0
Copyright (C) 2023 Free Software Foundation, Inc.
This is free software; see the source for copying conditions.  There is NO
warranty; not even for MERCHANTABILITY or FITNESS FOR A PARTICULAR PURPOSE.

configure:4688: $? = 0
configure:4677: gcc -v >&5
Using built-in specs.
COLLECT_GCC=gcc
COLLECT_LTO_WRAPPER=/usr/libexec/gcc/x86_64-linux-gnu/13/lto-wrapper
OFFLOAD_TARGET_NAMES=nvptx-none:amdgcn-amdhsa
OFFLOAD_TARGET_DEFAULT=1
Target: x86_64-linux-gnu
Configured with: ../src/configure -v --with-pkgversion='Ubuntu 13.2.0-23ubuntu4' --with-bugurl=file:///usr/share/doc/gcc-13/README.Bugs --enable-languages=c,ada,c++,go,d,fortran,objc,obj-c++,m2 --prefix=/usr --with-gcc-major-version-only --program-suffix=-13 --program-prefix=x86_64-linux-gnu- --enable-shared --enable-linker-build-id --libexecdir=/usr/libexec --without-included-gettext --enable-threads=posix --libdir=/usr/lib --enable-nls --enable-clocale=gnu --enable-libstdcxx-debug --enable-libstdcxx-time=yes --with-default-libstdcxx-abi=new --enable-libstdcxx-backtrace --enable-gnu-unique-object --disable-vtable-verify --enable-plugin --enable-default-pie --with-system-zlib --enable-libphobos-checking=release --with-target-system-zlib=auto --enable-objc-gc=auto --enable-multiarch --disable-werror --enable-cet --with-arch-32=i686 --with-abi=m64 --with-multilib-list=m32,m64,mx32 --enable-multilib --with-tune=generic --enable-offload-targets=nvptx-none=/build/gcc-13-uJ7kn6/gcc-13-13.2.0/debian/tmp-nvptx/usr,amdgcn-amdhsa=/build/gcc-13-uJ7kn6/gcc-13-13.2.0/debian/tmp-gcn/usr --enable-offload-defaulted --without-cuda-driver --enable-checking=release --build=x86_64-linux-gnu --host=x86_64-linux-gnu --target=x86_64-linux-gnu
Thread model: posix
Supported LTO compression algorithms: zlib zstd
gcc version 13.2.0 (Ubuntu 13.2.0-23ubuntu4) 
... rest of stderr output deleted ...
configure:4688: $? = 0
configure:4677: gcc -V >&5
gcc: error: unrecognized command-line option '-V'
gcc: fatal error: no input files
compilation terminated.
configure:4688: $? = 1
configure:4677: gcc -qversion >&5
gcc: error: unrecognized command-line option '-qversion'; did you mean '--version'?
gcc: fatal error: no input files
compilation terminated.
configure:4688: $? = 1
configure:4692: checking whether we are using the GNU C compiler
configure:4711: gcc -c   conftest.c >&5
configure:4711: $? = 0
configure:4720: result: yes
configure:4729: checking whether gcc accepts -g
configure:4749: gcc -c -g  conftest.c >&5
configure:4749: $? = 0
configure:4790: result: yes
configure:4807: checking for gcc option to accept ISO C89
configure:4870: gcc  -c -g -O2  conftest.c >&5
configure:4870: $? = 0
configure:4883: result: none needed
configure:4908: checking whether gcc understands -c and -o together
configure:4930: gcc -c conftest.c -o conftest2.o
configure:4933: $? = 0
configure:4930: gcc -c conftest.c -o conftest2.o
configure:4933: $? = 0
configure:4945: result: yes
configure:4964: checking dependency style of gcc
configure:5075: result: gcc3
configure:5095: checking how to run the C preprocessor
configure:5126: gcc -E  conftest.c
configure:5126: $? = 0
configure:5140: gcc -E  conftest.c
conftest.c:11:10: fatal error: ac_nonexistent.h: No such file or directory
   11 | #include <ac_nonexistent.h>
      |          ^~~~~~~~~~~~~~~~~~
compilation terminated.
configure:5140: $? = 1
configure: failed program was:
| /* confdefs.h */
| #define PACKAGE_NAME "sprng"
| #define PACKAGE_TARNAME "sprng"
| #define PACKAGE_VERSION "5"
| #define PACKAGE_STRING "sprng 5"
| #define PACKAGE_BUGREPORT ""
| #define PACKAGE_URL ""
| #define PACKAGE "sprng"
| #define VERSION "5"
| /* end confdefs.h.  */
| #include <ac_nonexistent.h>
configure:5165: result: gcc -E
configure:5185: gcc -E  conftest.c
configure:5185: $? = 0
configure:5199: gcc -E  conftest.c
conftest.c:11:10: fatal error: ac_nonexistent.h: No such file or directory
   11 | #include <ac_nonexistent.h>
      |          ^~~~~~~~~~~~~~~~~~
compilation terminated.
configure:5199: $? = 1
configure: failed program was:
| /* confdefs.h */
| #define PACKAGE_NAME "sprng"
| #define PACKAGE_TARNAME "sprng"
| #define PACKAGE_VERSION "5"
| #define PACKAGE_STRING "sprng 5"
| #define PACKAGE_BUGREPORT ""
| #define PACKAGE_URL ""
| #define PACKAGE "sprng"
| #define VERSION "5"
| /* end confdefs.h.  */
| #include <ac_nonexistent.h>
configure:5679: checking how to get verbose linking output from 
configure:5689:  -c  conftest.f >&5
./configure: line 1697: -c: command not found
configure:5689: $? = 127
configure: failed program was:
|       program main
| 
|       end
configure:5784: WARNING: compilation failed
configure:5790: result: 
configure:5792: checking for Fortran 77 libraries of 
configure:5815: -o conftest conftest.f
./configure: line 5820: -o: command not found
configure:6011: result: 
configure:6026: checking for main in -lm
configure:6045: gcc -o conftest -g -O2   conftest.c -lm   >&5
configure:6045: $? = 0
configure:6054: result: yes
configure:6109: checking for ranlib
configure:6125: found /usr/bin/ranlib
configure:6136: result: ranlib
configure:6162: checking for bash
configure:6192: result: /bin/bash
configure:6209: checking for grep that handles long lines and -e
configure:6267: result: /usr/bin/grep
configure:6272: checking for egrep
configure:6334: result: /usr/bin/grep -E
configure:6339: checking for ANSI C header files
configure:6359: gcc -c -g -O2  conftest.c >&5
configure:6359: $? = 0
configure:6432: gcc -o conftest -g -O2   conftest.c -lm  >&5
configure:6432: $? = 0
configure:6432: ./conftest
configure:6432: $? = 0
configure:6443: result: yes
configure:6456: checking for sys/types.h
configure:6456: gcc -c -g -O2  conftest.c >&5
configure:6456: $? = 0
configure:6456: result: yes
configure:6456: checking for sys/stat.h
configure:6456: gcc -c -g -O2  conftest.c >&5
configure:6456: $? = 0
configure:6456: result: yes
configure:6456: checking for stdlib.h
configure:6456: gcc -c -g -O2  conftest.c >&5
configure:6456: $? = 0
configure:6456: result: yes
configure:6456: checking for string.h
configure:6456: gcc -c -g -O2  conftest.c >&5
configure:6456: $? = 0
configure:6456: result: yes
configure:6456: checking for memory.h
configure:6456: gcc -c -g -O2  conftest.c >&5
configure:6456: $? = 0
configure:6456: result: yes
configure:6456: checking for strings.h
configure:6456: gcc -c -g -O2  conftest.c >&5
configure:6456: $? = 0
configure:6456: result: yes
configure:6456: checking for inttypes.h
configure:6456: gcc -c -g -O2  conftest.c >&5
configure:6456: $? = 0
configure:6456: result: yes
configure:6456: checking for stdint.h
configure:6456: gcc -c -g -O2  conftest.c >&5
configure:6456: $? = 0
configure:6456: result: yes
configure:6456: checking for unistd.h
configure:6456: gcc -c -g -O2  conftest.c >&5
configure:6456: $? = 0
configure:6456: result: yes
configure:6471: checking limits.h usability
configure:6471: gcc -c -g -O2  conftest.c >&5
configure:6471: $? = 0
configure:6471: result: yes
configure:6471: checking limits.h presence
configure:6471: gcc -E  conftest.c
configure:6471: $? = 0
configure:6471: result: yes
configure:6471: checking for limits.h
configure:6471: result: yes
configure:6471: checking stddef.h usability
configure:6471: gcc -c -g -O2  conftest.c >&5
configure:6471: $? = 0
configure:6471: result: yes
configure:6471: checking stddef.h presence
configure:6471: gcc -E  conftest.c
configure:6471: $? = 0
configure:6471: result: yes
configure:6471: checking for stddef.h
configure:6471: result: yes
configure:6471: checking for stdlib.h
configure:6471: result: yes
configure:6471: checking for string.h
configure:6471: result: yes
configure:6471: checking sys/time.h usability
configure:6471: gcc -c -g -O2  conftest.c >&5
configure:6471: $? = 0
configure:6471: result: yes
configure:6471: checking sys/time.h presence
configure:6471: gcc -E  conftest.c
configure:6471: $? = 0
configure:6471: result: yes
configure:6471: checking for sys/time.h
configure:6471: result: yes
configure:6486: checking size of long int
configure:6491: gcc -o conftest -g -O2   conftest.c -lm  >&5
configure:6491: $? = 0
configure:6491: ./conftest
configure:6491: $? = 0
configure:6505: result: 8
configure:6614: checking fft.h usability
configure:6614: gcc -c -g -O2  conftest.c >&5
conftest.c:61:10: fatal error: fft.h: No such file or directory
   61 | #include <fft.h>
      |          ^~~~~~~
compilation terminated.
configure:6614: $? = 1
configure: failed program was:
| /* confdefs.h */
| #define PACKAGE_NAME "sprng"
| #define PACKAGE_TARNAME "sprng"
| #define PACKAGE_VERSION "5"
| #define PACKAGE_STRING "sprng 5"
| #define PACKAGE_BUGREPORT ""
| #define PACKAGE_URL ""
| #define PACKAGE "sprng"
| #define VERSION "5"
| #define HAVE_LIBM 1
| #define STDC_HEADERS 1
| #define HAVE_SYS_TYPES_H 1
| #define HAVE_SYS_STAT_H 1
| #define HAVE_STDLIB_H 1
| #define HAVE_STRING_H 1
| #define HAVE_MEMORY_H 1
| #define HAVE_STRINGS_H 1
| #define HAVE_INTTYPES_H 1
| #define HAVE_STDINT_H 1
| #define HAVE_UNISTD_H 1
| #define HAVE_LIMITS_H 1
| #define HAVE_STDDEF_H 1
| #define HAVE_STDLIB_H 1
| #define HAVE_STRING_H 1
| #define HAVE_SYS_TIME_H 1
| #define SIZEOF_LONG_INT 8
| /* end confdefs.h.  */
| #include <stdio.h>
| #ifdef HAVE_SYS_TYPES_H
| # include <sys/types.h>
| #endif
| #ifdef HAVE_SYS_STAT_H
| # include <sys/stat.h>
| #endif
| #ifdef STDC_HEADERS
| # include <stdlib.h>
| # include <stddef.h>
| #else
| # ifdef HAVE_STDLIB_H
| #  include <stdlib.h>
| # endif
| #endif
| #ifdef HAVE_STRING_H
| # if !defined STDC_HEADERS && defined HAVE_MEMORY_H
| #  include <memory.h>
| # endif
| # include <string.h>
| #endif
| #ifdef HAVE_STRINGS_H
| # include <strings.h>
| #endif
| #ifdef HAVE_INTTYPES_H
| # include <inttypes.h>
| #endif
| #ifdef HAVE_STDINT_H
| # include <stdint.h>
| #endif
| #ifdef HAVE_UNISTD_H
| # include <unistd.h>
| #endif
| #include <fft.h>
configure:6614: result: no
configure:6614: checking fft.h presence
configure:6614: gcc -E  conftest.c
conftest.c:28:10: fatal error: fft.h: No such file or directory
   28 | #include <fft.h>
      |          ^~~~~~~
compilation terminated.
configure:6614: $? = 1
configure: failed program was:
| /* confdefs.h */
| #define PACKAGE_NAME "sprng"
| #define PACKAGE_TARNAME "sprng"
| #define PACKAGE_VERSION "5"
| #define PACKAGE_STRING "sprng 5"
| #define PACKAGE_BUGREPORT ""
| #define PACKAGE_URL ""
| #define PACKAGE "sprng"
| #define VERSION "5"
| #define HAVE_LIBM 1
| #define STDC_HEADERS 1
| #define HAVE_SYS_TYPES_H 1
| #define HAVE_SYS_STAT_H 1
| #define HAVE_STDLIB_H 1
| #define HAVE_STRING_H 1
| #define HAVE_MEMORY_H 1
| #define HAVE_STRINGS_H 1
| #define HAVE_INTTYPES_H 1
| #define HAVE_STDINT_H 1
| #define HAVE_UNISTD_H 1
| #define HAVE_LIMITS_H 1
| #define HAVE_STDDEF_H 1
| #define HAVE_STDLIB_H 1
| #define HAVE_STRING_H 1
| #define HAVE_SYS_TIME_H 1
| #define SIZEOF_LONG_INT 8
| /* end confdefs.h.  */
| #include <fft.h>
configure:6614: result: no
configure:6614: checking for fft.h
configure:6614: result: no
configure:6623: checking for dzfft2dui
configure:6623: gcc -o conftest -g -O2   conftest.c -lm  >&5
/usr/bin/ld: /tmp/ccDGwUDy.o: in function `main':
/home/supernova/sprng5/conftest.c:62:(.text.startup+0xb): undefined reference to `dzfft2dui'
collect2: error: ld returned 1 exit status
configure:6623: $? = 1
configure: failed program was:
| /* confdefs.h */
| #define PACKAGE_NAME "sprng"
| #define PACKAGE_TARNAME "sprng"
| #define PACKAGE_VERSION "5"
| #define PACKAGE_STRING "sprng 5"
| #define PACKAGE_BUGREPORT ""
| #define PACKAGE_URL ""
| #define PACKAGE "sprng"
| #define VERSION "5"
| #define HAVE_LIBM 1
| #define STDC_HEADERS 1
| #define HAVE_SYS_TYPES_H 1
| #define HAVE_SYS_STAT_H 1
| #define HAVE_STDLIB_H 1
| #define HAVE_STRING_H 1
| #define HAVE_MEMORY_H 1
| #define HAVE_STRINGS_H 1
| #define HAVE_INTTYPES_H 1
| #define HAVE_STDINT_H 1
| #define HAVE_UNISTD_H 1
| #define HAVE_LIMITS_H 1
| #define HAVE_STDDEF_H 1
| #define HAVE_STDLIB_H 1
| #define HAVE_STRING_H 1
| #define HAVE_SYS_TIME_H 1
| #define SIZEOF_LONG_INT 8
| /* end confdefs.h.  */
| /* Define dzfft2dui to an innocuous variant, in case <limits.h> declares dzfft2dui.
|    For example, HP-UX 11i <limits.h> declares gettimeofday.  */
| #define dzfft2dui innocuous_dzfft2dui
| 
| /* System header to define __stub macros and hopefully few prototypes,
|     which can conflict with char dzfft2dui (); below.
|     Prefer <limits.h> to <assert.h> if __STDC__ is defined, since
|     <limits.h> exists even on freestanding compilers.  */
| 
| #ifdef __STDC__
| # include <limits.h>
| #else
| # include <assert.h>
| #endif
| 
| #undef dzfft2dui
| 
| /* Override any GCC internal prototype to avoid an error.
|    Use char because int might match the return type of a GCC
|    builtin and then its argument prototype would still apply.  */
| #ifdef __cplusplus
| extern "C"
| #endif
| char dzfft2dui ();
| /* The GNU C library defines this for functions which it implements
|     to always fail with ENOSYS.  Some functions are actually named
|     something starting with __ and the normal name is an alias.  */
| #if defined __stub_dzfft2dui || defined __stub___dzfft2dui
| choke me
| #endif
| 
| int
| main ()
| {
| return dzfft2dui ();
|   ;
|   return 0;
| }
configure:6623: result: no
configure:6640: checking whether byte ordering is bigendian
configure:6655: gcc -c -g -O2  conftest.c >&5
conftest.c:29:16: error: unknown type name 'not'
   29 |                not a universal capable compiler
      |                ^~~
conftest.c:29:22: error: expected '=', ',', ';', 'asm' or '__attribute__' before 'universal'
   29 |                not a universal capable compiler
      |                      ^~~~~~~~~
conftest.c:29:22: error: unknown type name 'universal'
configure:6655: $? = 1
configure: failed program was:
| /* confdefs.h */
| #define PACKAGE_NAME "sprng"
| #define PACKAGE_TARNAME "sprng"
| #define PACKAGE_VERSION "5"
| #define PACKAGE_STRING "sprng 5"
| #define PACKAGE_BUGREPORT ""
| #define PACKAGE_URL ""
| #define PACKAGE "sprng"
| #define VERSION "5"
| #define HAVE_LIBM 1
| #define STDC_HEADERS 1
| #define HAVE_SYS_TYPES_H 1
| #define HAVE_SYS_STAT_H 1
| #define HAVE_STDLIB_H 1
| #define HAVE_STRING_H 1
| #define HAVE_MEMORY_H 1
| #define HAVE_STRINGS_H 1
| #define HAVE_INTTYPES_H 1
| #define HAVE_STDINT_H 1
| #define HAVE_UNISTD_H 1
| #define HAVE_LIMITS_H 1
| #define HAVE_STDDEF_H 1
| #define HAVE_STDLIB_H 1
| #define HAVE_STRING_H 1
| #define HAVE_SYS_TIME_H 1
| #define SIZEOF_LONG_INT 8
| /* end confdefs.h.  */
| #ifndef __APPLE_CC__
| 	       not a universal capable compiler
| 	     #endif
| 	     typedef int dummy;
| 
configure:6700: gcc -c -g -O2  conftest.c >&5
configure:6700: $? = 0
configure:6718: gcc -c -g -O2  conftest.c >&5
conftest.c: In function 'main':
conftest.c:35:18: error: unknown type name 'not'; did you mean 'ino_t'?
   35 |                  not big endian
      |                  ^~~
      |                  ino_t
conftest.c:35:26: error: expected '=', ',', ';', 'asm' or '__attribute__' before 'endian'
   35 |                  not big endian
      |                          ^~~~~~
configure:6718: $? = 1
configure: failed program was:
| /* confdefs.h */
| #define PACKAGE_NAME "sprng"
| #define PACKAGE_TARNAME "sprng"
| #define PACKAGE_VERSION "5"
| #define PACKAGE_STRING "sprng 5"
| #define PACKAGE_BUGREPORT ""
| #define PACKAGE_URL ""
| #define PACKAGE "sprng"
| #define VERSION "5"
| #define HAVE_LIBM 1
| #define STDC_HEADERS 1
| #define HAVE_SYS_TYPES_H 1
| #define HAVE_SYS_STAT_H 1
| #define HAVE_STDLIB_H 1
| #define HAVE_STRING_H 1
| #define HAVE_MEMORY_H 1
| #define HAVE_STRINGS_H 1
| #define HAVE_INTTYPES_H 1
| #define HAVE_STDINT_H 1
| #define HAVE_UNISTD_H 1
| #define HAVE_LIMITS_H 1
| #define HAVE_STDDEF_H 1
| #define HAVE_STDLIB_H 1
| #define HAVE_STRING_H 1
| #define HAVE_SYS_TIME_H 1
| #define SIZEOF_LONG_INT 8
| /* end confdefs.h.  */
| #include <sys/types.h>
| 		#include <sys/param.h>
| 
| int
| main ()
| {
| #if BYTE_ORDER != BIG_ENDIAN
| 		 not big endian
| 		#endif
| 
|   ;
|   return 0;
| }
configure:6846: result: no
configure:6869: checking size of int *
configure:6874: gcc -o conftest -g -O2   conftest.c -lm  >&5
configure:6874: $? = 0
configure:6874: ./conftest
configure:6874: $? = 0
configure:6888: result: 8
configure:6913: checking size of double
configure:6918: gcc -o conftest -g -O2   conftest.c -lm  >&5
configure:6918: $? = 0
configure:6918: ./conftest
configure:6918: $? = 0
configure:6932: result: 8
configure:6946: checking size of float
configure:6951: gcc -o conftest -g -O2   conftest.c -lm  >&5
configure:6951: $? = 0
configure:6951: ./conftest
configure:6951: $? = 0
configure:6965: result: 4
configure:7323: checking for stdbool.h that conforms to C99
configure:7398: gcc -c -g -O2  conftest.c >&5
configure:7398: $? = 0
configure:7405: result: yes
configure:7407: checking for _Bool
configure:7407: gcc -c -g -O2  conftest.c >&5
configure:7407: $? = 0
configure:7407: gcc -c -g -O2  conftest.c >&5
conftest.c: In function 'main':
conftest.c:75:20: error: expected expression before ')' token
   75 | if (sizeof ((_Bool)))
      |                    ^
configure:7407: $? = 1
configure: failed program was:
| /* confdefs.h */
| #define PACKAGE_NAME "sprng"
| #define PACKAGE_TARNAME "sprng"
| #define PACKAGE_VERSION "5"
| #define PACKAGE_STRING "sprng 5"
| #define PACKAGE_BUGREPORT ""
| #define PACKAGE_URL ""
| #define PACKAGE "sprng"
| #define VERSION "5"
| #define HAVE_LIBM 1
| #define STDC_HEADERS 1
| #define HAVE_SYS_TYPES_H 1
| #define HAVE_SYS_STAT_H 1
| #define HAVE_STDLIB_H 1
| #define HAVE_STRING_H 1
| #define HAVE_MEMORY_H 1
| #define HAVE_STRINGS_H 1
| #define HAVE_INTTYPES_H 1
| #define HAVE_STDINT_H 1
| #define HAVE_UNISTD_H 1
| #define HAVE_LIMITS_H 1
| #define HAVE_STDDEF_H 1
| #define HAVE_STDLIB_H 1
| #define HAVE_STRING_H 1
| #define HAVE_SYS_TIME_H 1
| #define SIZEOF_LONG_INT 8
| #define SIZEOF_INT_P 8
| #define SIZEOF_DOUBLE 8
| #define SIZEOF_FLOAT 4
| /* end confdefs.h.  */
| #include <stdio.h>
| #ifdef HAVE_SYS_TYPES_H
| # include <sys/types.h>
| #endif
| #ifdef HAVE_SYS_STAT_H
| # include <sys/stat.h>
| #endif
| #ifdef STDC_HEADERS
| # include <stdlib.h>
| # include <stddef.h>
| #else
| # ifdef HAVE_STDLIB_H
| #  include <stdlib.h>
| # endif
| #endif
| #ifdef HAVE_STRING_H
| # if !defined STDC_HEADERS && defined HAVE_MEMORY_H
| #  include <memory.h>
| # endif
| # include <string.h>
| #endif
| #ifdef HAVE_STRINGS_H
| # include <strings.h>
| #endif
| #ifdef HAVE_INTTYPES_H
| # include <inttypes.h>
| #endif
| #ifdef HAVE_STDINT_H
| # include <stdint.h>
| #endif
| #ifdef HAVE_UNISTD_H
| # include <unistd.h>
| #endif
| #ifdef F77_DUMMY_MAIN
| 
| #  ifdef __cplusplus
|      extern "C"
| #  endif
|    int F77_DUMMY_MAIN() { return 1; }
| 
| #endif
| int
| main ()
| {
| if (sizeof ((_Bool)))
| 	    return 0;
|   ;
|   return 0;
| }
configure:7407: result: yes
configure:7424: checking for an ANSI C-conforming const
configure:7498: gcc -c -g -O2  conftest.c >&5
configure:7498: $? = 0
configure:7505: result: yes
configure:7513: checking for inline
configure:7529: gcc -c -g -O2  conftest.c >&5
configure:7529: $? = 0
configure:7537: result: inline
configure:7555: checking for size_t
configure:7555: gcc -c -g -O2  conftest.c >&5
configure:7555: $? = 0
configure:7555: gcc -c -g -O2  conftest.c >&5
conftest.c: In function 'main':
conftest.c:77:21: error: expected expression before ')' token
   77 | if (sizeof ((size_t)))
      |                     ^
configure:7555: $? = 1
configure: failed program was:
| /* confdefs.h */
| #define PACKAGE_NAME "sprng"
| #define PACKAGE_TARNAME "sprng"
| #define PACKAGE_VERSION "5"
| #define PACKAGE_STRING "sprng 5"
| #define PACKAGE_BUGREPORT ""
| #define PACKAGE_URL ""
| #define PACKAGE "sprng"
| #define VERSION "5"
| #define HAVE_LIBM 1
| #define STDC_HEADERS 1
| #define HAVE_SYS_TYPES_H 1
| #define HAVE_SYS_STAT_H 1
| #define HAVE_STDLIB_H 1
| #define HAVE_STRING_H 1
| #define HAVE_MEMORY_H 1
| #define HAVE_STRINGS_H 1
| #define HAVE_INTTYPES_H 1
| #define HAVE_STDINT_H 1
| #define HAVE_UNISTD_H 1
| #define HAVE_LIMITS_H 1
| #define HAVE_STDDEF_H 1
| #define HAVE_STDLIB_H 1
| #define HAVE_STRING_H 1
| #define HAVE_SYS_TIME_H 1
| #define SIZEOF_LONG_INT 8
| #define SIZEOF_INT_P 8
| #define SIZEOF_DOUBLE 8
| #define SIZEOF_FLOAT 4
| #define HAVE__BOOL 1
| #define HAVE_STDBOOL_H 1
| /* end confdefs.h.  */
| #include <stdio.h>
| #ifdef HAVE_SYS_TYPES_H
| # include <sys/types.h>
| #endif
| #ifdef HAVE_SYS_STAT_H
| # include <sys/stat.h>
| #endif
| #ifdef STDC_HEADERS
| # include <stdlib.h>
| # include <stddef.h>
| #else
| # ifdef HAVE_STDLIB_H
| #  include <stdlib.h>
| # endif
| #endif
| #ifdef HAVE_STRING_H
| # if !defined STDC_HEADERS && defined HAVE_MEMORY_H
| #  include <memory.h>
| # endif
| # include <string.h>
| #endif
| #ifdef HAVE_STRINGS_H
| # include <strings.h>
| #endif
| #ifdef HAVE_INTTYPES_H
| # include <inttypes.h>
| #endif
| #ifdef HAVE_STDINT_H
| # include <stdint.h>
| #endif
| #ifdef HAVE_UNISTD_H
| # include <unistd.h>
| #endif
| #ifdef F77_DUMMY_MAIN
| 
| #  ifdef __cplusplus
|      extern "C"
| #  endif
|    int F77_DUMMY_MAIN() { return 1; }
| 
| #endif
| int
| main ()
| {
| if (sizeof ((size_t)))
| 	    return 0;
|   ;
|   return 0;
| }
configure:7555: result: yes
configure:7566: checking whether struct tm is in sys/time.h or time.h
configure:7594: gcc -c -g -O2  conftest.c >&5
configure:7594: $? = 0
configure:7601: result: time.h
configure:7613: checking for stdlib.h
configure:7613: result: yes
configure:7623: checking for GNU libc compatible malloc
configure:7655: gcc -o conftest -g -O2   conftest.c -lm  >&5
configure:7655: $? = 0
configure:7655: ./conftest
configure:7655: $? = 0
configure:7665: result: yes
configure:7686: checking for working memcmp
configure:7737: gcc -o conftest -g -O2   conftest.c -lm  >&5
configure:7737: $? = 0
configure:7737: ./conftest
configure:7737: $? = 0
configure:7747: result: yes
configure:7759: checking for memset
configure:7759: gcc -o conftest -g -O2   conftest.c -lm  >&5
conftest.c:58:6: warning: conflicting types for built-in function 'memset'; expected 'void *(void *, int,  long unsigned int)' [-Wbuiltin-declaration-mismatch]
   58 | char memset ();
      |      ^~~~~~
conftest.c:46:1: note: 'memset' is declared in header '<string.h>'
   45 | # include <limits.h>
   46 | #else
configure:7759: $? = 0
configure:7759: result: yes
configure:7759: checking for pow
configure:7759: gcc -o conftest -g -O2   conftest.c -lm  >&5
conftest.c:59:6: warning: conflicting types for built-in function 'pow'; expected 'double(double,  double)' [-Wbuiltin-declaration-mismatch]
   59 | char pow ();
      |      ^~~
conftest.c:47:1: note: 'pow' is declared in header '<math.h>'
   46 | # include <limits.h>
   47 | #else
configure:7759: $? = 0
configure:7759: result: yes
configure:7759: checking for sqrt
configure:7759: gcc -o conftest -g -O2   conftest.c -lm  >&5
conftest.c:60:6: warning: conflicting types for built-in function 'sqrt'; expected 'double(double)' [-Wbuiltin-declaration-mismatch]
   60 | char sqrt ();
      |      ^~~~
conftest.c:48:1: note: 'sqrt' is declared in header '<math.h>'
   47 | # include <limits.h>
   48 | #else
configure:7759: $? = 0
configure:7759: result: yes
configure:7872: checking that generated files are newer than configure
configure:7878: result: done
configure:7922: creating ./config.status

## ---------------------- ##
## Running config.status. ##
## ---------------------- ##

This file was extended by sprng config.status 5, which was
generated by GNU Autoconf 2.69.  Invocation command line was

  CONFIG_FILES    = 
  CONFIG_HEADERS  = 
  CONFIG_LINKS    = 
  CONFIG_COMMANDS = 
  $ ./config.status 

on DESKTOP-F7MC8FH

config.status:958: creating Makefile
config.status:958: creating include/Makefile
config.status:958: creating lib/Makefile
config.status:958: creating SRC/Makefile
config.status:958: creating SRC/cmrg/Makefile
config.status:958: creating SRC/lcg/Makefile
config.status:958: creating SRC/lcg64/Makefile
config.status:958: creating SRC/lfg/Makefile
config.status:958: creating SRC/mlfg/Makefile
config.status:958: creating SRC/pmlcg/Makefile
config.status:958: creating check/Makefile
config.status:958: creating check/lcg/Makefile
config.status:958: creating check/lcg/F77/Makefile
config.status:958: creating check/lfg/Makefile
config.status:958: creating check/lfg/F77/Makefile
config.status:958: creating check/mlfg/Makefile
config.status:958: creating check/mlfg/F77/Makefile
config.status:958: creating check/cmrg/Makefile
config.status:958: creating check/cmrg/F77/Makefile
config.status:958: creating check/lcg64/Makefile
config.status:958: creating check/lcg64/F77/Makefile
config.status:958: creating check/pmlcg/Makefile
config.status:958: creating check/pmlcg/F77/Makefile
config.status:958: creating TESTS/Makefile
config.status:958: creating TESTS/mpitests/Makefile
config.status:958: creating TESTS/testu01/Makefile
config.status:958: creating EXAMPLES/Makefile
config.status:958: creating EXAMPLES/mpisprng/Makefile
config.status:958: creating EXAMPLES/F77/Makefile
config.status:958: creating config.h
config.status:1218: executing depfiles commands

## ---------------- ##
## Cache variables. ##
## ---------------- ##

ac_cv_build=x86_64-pc-linux-gnu
ac_cv_c_bigendian=no
ac_cv_c_compiler_gnu=yes
ac_cv_c_const=yes
ac_cv_c_inline=inline
ac_cv_cxx_compiler_gnu=yes
ac_cv_env_CCC_set=
ac_cv_env_CCC_value=
ac_cv_env_CC_set=
ac_cv_env_CC_value=
ac_cv_env_CFLAGS_set=
ac_cv_env_CFLAGS_value=
ac_cv_env_CPPFLAGS_set=
ac_cv_env_CPPFLAGS_value=
ac_cv_env_CPP_set=
ac_cv_env_CPP_value=
ac_cv_env_CXXFLAGS_set=
ac_cv_env_CXXFLAGS_value=
ac_cv_env_CXX_set=
ac_cv_env_CXX_value=
ac_cv_env_F77_set=
ac_cv_env_F77_value=
ac_cv_env_FFLAGS_set=
ac_cv_env_FFLAGS_value=
ac_cv_env_LDFLAGS_set=
ac_cv_env_LDFLAGS_value=
ac_cv_env_LIBS_set=
ac_cv_env_LIBS_value=
ac_cv_env_MPICXX_set=
ac_cv_env_MPICXX_value=
ac_cv_env_MPIF77_set=
ac_cv_env_MPIF77_value=
ac_cv_env_build_alias_set=
ac_cv_env_build_alias_value=
ac_cv_env_host_alias_set=
ac_cv_env_host_alias_value=
ac_cv_env_target_alias_set=
ac_cv_env_target_alias_value=
ac_cv_f77_libs=
ac_cv_func_dzfft2dui=no
ac_cv_func_malloc_0_nonnull=yes
ac_cv_func_memcmp_working=yes
ac_cv_func_memset=yes
ac_cv_func_pow=yes
ac_cv_func_sqrt=yes
ac_cv_header_fft_h=no
ac_cv_header_inttypes_h=yes
ac_cv_header_limits_h=yes
ac_cv_header_memory_h=yes
ac_cv_header_stdbool_h=yes
ac_cv_header_stdc=yes
ac_cv_header_stddef_h=yes
ac_cv_header_stdint_h=yes
ac_cv_header_stdlib_h=yes
ac_cv_header_string_h=yes
ac_cv_header_strings_h=yes
ac_cv_header_sys_stat_h=yes
ac_cv_header_sys_time_h=yes
ac_cv_header_sys_types_h=yes
ac_cv_header_unistd_h=yes
ac_cv_host=x86_64-pc-linux-gnu
ac_cv_lib_m_main=yes
ac_cv_objext=o
ac_cv_path_BASH=/bin/bash
ac_cv_path_EGREP='/usr/bin/grep -E'
ac_cv_path_GREP=/usr/bin/grep
ac_cv_path_install='/usr/bin/install -c'
ac_cv_path_mkdir=/usr/bin/mkdir
ac_cv_prog_AWK=gawk
ac_cv_prog_CPP='gcc -E'
ac_cv_prog_ac_ct_CC=gcc
ac_cv_prog_ac_ct_CXX=g++
ac_cv_prog_ac_ct_RANLIB=ranlib
ac_cv_prog_cc_c89=
ac_cv_prog_cc_g=yes
ac_cv_prog_cxx_g=yes
ac_cv_prog_make_make_set=yes
ac_cv_sizeof_double=8
ac_cv_sizeof_float=4
ac_cv_sizeof_int_p=8
ac_cv_sizeof_long_int=8
ac_cv_struct_tm=time.h
ac_cv_target=x86_64-pc-linux-gnu
ac_cv_type__Bool=yes
ac_cv_type_size_t=yes
am_cv_CC_dependencies_compiler_type=gcc3
am_cv_CXX_dependencies_compiler_type=gcc3
am_cv_make_support_nested_variables=yes
am_cv_prog_cc_c_o=yes

## ----------------- ##
## Output variables. ##
## ----------------- ##

ACLOCAL='${SHELL} /home/supernova/sprng5/missing aclocal-1.15'
AMDEPBACKSLASH='\'
AMDEP_FALSE='#'
AMDEP_TRUE=''
AMTAR='$${TAR-tar}'
AM_BACKSLASH='\'
AM_DEFAULT_V='$(AM_DEFAULT_VERBOSITY)'
AM_DEFAULT_VERBOSITY='1'
AM_V='$(V)'
AUTOCONF='${SHELL} /home/supernova/sprng5/missing autoconf'
AUTOHEADER='${SHELL} /home/supernova/sprng5/missing autoheader'
AUTOMAKE='${SHELL} /home/supernova/sprng5/missing automake-1.15'
AWK='gawk'
BASH='/bin/bash'
CC='gcc'
CCDEPMODE='depmode=gcc3'
CFLAGS='-g -O2'
CPP='gcc -E'
CPPFLAGS=''
CXX='g++'
CXXDEPMODE='depmode=gcc3'
CXXFLAGS='-g -O2 -Wno-deprecated -DLONG64=long'
CYGPATH_W='echo'
DEFS='-DHAVE_CONFIG_H'
DEPDIR='.deps'
ECHO_C=''
ECHO_N='-n'
ECHO_T=''
EGREP='/usr/bin/grep -E'
EXEEXT=''
F77='echo'
FFLAGS=''
FFPSIZE='-DPOINTER_SIZE=8 -DLONG64=long -DINTEGER_STAR_8'
FFT_FALSE=''
FFT_TRUE='#'
FLIBS=''
FMANGLE=''
FORTRANDIR=''
GREP='/usr/bin/grep'
INSTALL_DATA='${INSTALL} -m 644'
INSTALL_PROGRAM='${INSTALL}'
INSTALL_SCRIPT='${INSTALL}'
INSTALL_STRIP_PROGRAM='$(install_sh) -c -s'
LDFLAGS=''
LIBOBJS=''
LIBS='-lm '
LTLIBOBJS=''
MAKEINFO='${SHELL} /home/supernova/sprng5/missing makeinfo'
MKDIR_P='/usr/bin/mkdir -p'
MPICXX=''
MPIF77=''
MPI_CXXLIB=''
MPI_DEF=''
OBJEXT='o'
PACKAGE='sprng'
PACKAGE_BUGREPORT=''
PACKAGE_NAME='sprng'
PACKAGE_STRING='sprng 5'
PACKAGE_TARNAME='sprng'
PACKAGE_URL=''
PACKAGE_VERSION='5'
PATH_SEPARATOR=':'
RANLIB='ranlib'
SET_MAKE=''
SHELL='/bin/bash'
STRIP=''
TESTU01_INCDIR=''
TESTU01_LIBDIR=''
USE_MPI_FALSE=''
USE_MPI_TRUE='#'
USE_TESTU01_FALSE=''
USE_TESTU01_TRUE='#'
VERSION='5'
ac_ct_CC='gcc'
ac_ct_CXX='g++'
ac_ct_F77=''
am__EXEEXT_FALSE=''
am__EXEEXT_TRUE='#'
am__fastdepCC_FALSE='#'
am__fastdepCC_TRUE=''
am__fastdepCXX_FALSE='#'
am__fastdepCXX_TRUE=''
am__include='include'
am__isrc=''
am__leading_dot='.'
am__nodep='_no'
am__quote=''
am__tar='$${TAR-tar} chof - "$$tardir"'
am__untar='$${TAR-tar} xf -'
bindir='${exec_prefix}/bin'
build='x86_64-pc-linux-gnu'
build_alias=''
build_cpu='x86_64'
build_os='linux-gnu'
build_vendor='pc'
compile_FORTRAN_FALSE=''
compile_FORTRAN_TRUE='#'
datadir='${datarootdir}'
datarootdir='${prefix}/share'
docdir='${datarootdir}/doc/${PACKAGE_TARNAME}'
dvidir='${docdir}'
exec_prefix='${prefix}'
host='x86_64-pc-linux-gnu'
host_alias=''
host_cpu='x86_64'
host_os='linux-gnu'
host_vendor='pc'
htmldir='${docdir}'
includedir='${prefix}/include'
infodir='${datarootdir}/info'
install_sh='${SHELL} /home/supernova/sprng5/install-sh'
libdir='${exec_prefix}/lib'
libexecdir='${exec_prefix}/libexec'
localedir='${datarootdir}/locale'
localstatedir='${prefix}/var'
mandir='${datarootdir}/man'
mkdir_p='$(MKDIR_P)'
oldincludedir='/usr/include'
pdfdir='${docdir}'
prefix='/usr/local'
program_transform_name='s,x,x,'
psdir='${docdir}'
runstatedir='${localstatedir}/run'
sbindir='${exec_prefix}/sbin'
sharedstatedir='${prefix}/com'
sprng_cxxflags=''
sprng_fflags=''
sysconfdir='${prefix}/etc'
target='x86_64-pc-linux-gnu'
target_alias=''
target_cpu='x86_64'
target_os='linux-gnu'
target_vendor='pc'

## ----------- ##
## confdefs.h. ##
## ----------- ##

/* confdefs.h */
#define PACKAGE_NAME "sprng"
#define PACKAGE_TARNAME "sprng"
#define PACKAGE_VERSION "5"
#define PACKAGE_STRING "sprng 5"
#define PACKAGE_BUGREPORT ""
#define PACKAGE_URL ""
#define PACKAGE "sprng"
#define VERSION "5"
#define HAVE_LIBM 1
#define STDC_HEADERS 1
#define HAVE_SYS_TYPES_H 1
#define HAVE_SYS_STAT_H 1
#define HAVE_STDLIB_H 1
#define HAVE_STRING_H 1
#define HAVE_MEMORY_H 1
#define HAVE_STRINGS_H 1
#define HAVE_INTTYPES_H 1
#define HAVE_STDINT_H 1
#define HAVE_UNISTD_H 1
#define HAVE_LIMITS_H 1
#define HAVE_STDDEF_H 1
#define HAVE_STDLIB_H 1
#define HAVE_STRING_H 1
#define HAVE_SYS_TIME_H 1
#define SIZEOF_LONG_INT 8
#define SIZEOF_INT_P 8
#define SIZEOF_DOUBLE 8
#define SIZEOF_FLOAT 4
#define HAVE__BOOL 1
#define HAVE_STDBOOL_H 1
#define HAVE_STDLIB_H 1
#define HAVE_MALLOC 1
#define HAVE_MEMSET 1
#define HAVE_POW 1
#define HAVE_SQRT 1

configure: exit 0
